<?xml version="1.0" encoding="UTF-8"?>
<!-- Generated by org.testng.reporters.JUnitXMLReporter -->
<testsuite ignored="0" hostname="LAPTOP-KA4DGM33" failures="0" tests="3" name="Test" time="3.073" errors="0" timestamp="2022-10-30T09:04:03 IST">
  <testcase classname="com.UniCreds.testScripts.ContactPageTest" name="@BeforeTest getDriver" time="3.022">
    <failure type="java.lang.NullPointerException" message="Cannot invoke &amp;quot;org.openqa.selenium.WebElement.getTagName()&amp;quot; because &amp;quot;element&amp;quot; is null">
      <![CDATA[java.lang.NullPointerException: Cannot invoke "org.openqa.selenium.WebElement.getTagName()" because "element" is null
at org.openqa.selenium.support.ui.Select.<init>(Select.java:46)
at com.UniCreds.PageObjects.ContactUsPage.<init>(ContactUsPage.java:58)
at com.UniCreds.testScripts.ContactPageTest.getDriver(ContactPageTest.java:25)
... Removed 24 stack frames]]>
    </failure>
  </testcase> <!-- @BeforeTest getDriver -->
  <testcase classname="com.UniCreds.testScripts.ContactPageTest" name="@AfterTest teardown" time="-1.667100843444E9">
    <skipped/>
  </testcase> <!-- @AfterTest teardown -->
  <testcase classname="com.UniCreds.testScripts.ContactPageTest" name="_0_checkTitle" time="0.0">
    <skipped/>
  </testcase> <!-- _0_checkTitle -->
  <testcase classname="com.UniCreds.testScripts.ContactPageTest" name="_1_validateFormVisibility" time="0.0">
    <skipped/>
  </testcase> <!-- _1_validateFormVisibility -->
  <testcase classname="com.UniCreds.testScripts.ContactPageTest" name="enterDetails" time="0.0">
    <skipped/>
  </testcase> <!-- enterDetails -->
</testsuite> <!-- Test -->
